Using pre-set license
Built from '2022.3/release' branch; Version is '2022.3.0f1 (fb119bb0b476) revision 16454043'; Using compiler version '192829333'; Build Type 'Release'
OS: 'Windows 10  (10.0.19045) 64bit Core' Language: 'en' Physical Memory: 15776 MB
BatchMode: 1, IsHumanControllingUs: 0, StartBugReporterOnCrash: 0, Is64bit: 1, IsPro: 1

COMMAND LINE ARGUMENTS:
C:\Program Files\Unity 2022.3.0f1\Editor\Unity.exe
-adb2
-batchMode
-noUpm
-name
AssetImportWorker0
-projectPath
C:/Users/Sepeh/source/repos/Final Project
-logFile
Logs/AssetImportWorker0.log
-srvPort
52124
Successfully changed project path to: C:/Users/Sepeh/source/repos/Final Project
C:/Users/Sepeh/source/repos/Final Project
[UnityMemory] Configuration Parameters - Can be set up in boot.config
    "memorysetup-bucket-allocator-granularity=16"
    "memorysetup-bucket-allocator-bucket-count=8"
    "memorysetup-bucket-allocator-block-size=33554432"
    "memorysetup-bucket-allocator-block-count=8"
    "memorysetup-main-allocator-block-size=16777216"
    "memorysetup-thread-allocator-block-size=16777216"
    "memorysetup-gfx-main-allocator-block-size=16777216"
    "memorysetup-gfx-thread-allocator-block-size=16777216"
    "memorysetup-cache-allocator-block-size=4194304"
    "memorysetup-typetree-allocator-block-size=2097152"
    "memorysetup-profiler-bucket-allocator-granularity=16"
    "memorysetup-profiler-bucket-allocator-bucket-count=8"
    "memorysetup-profiler-bucket-allocator-block-size=33554432"
    "memorysetup-profiler-bucket-allocator-block-count=8"
    "memorysetup-profiler-allocator-block-size=16777216"
    "memorysetup-profiler-editor-allocator-block-size=1048576"
    "memorysetup-temp-allocator-size-main=16777216"
    "memorysetup-job-temp-allocator-block-size=2097152"
    "memorysetup-job-temp-allocator-block-size-background=1048576"
    "memorysetup-job-temp-allocator-reduction-small-platforms=262144"
    "memorysetup-allocator-temp-initial-block-size-main=262144"
    "memorysetup-allocator-temp-initial-block-size-worker=262144"
    "memorysetup-temp-allocator-size-background-worker=32768"
    "memorysetup-temp-allocator-size-job-worker=262144"
    "memorysetup-temp-allocator-size-preload-manager=33554432"
    "memorysetup-temp-allocator-size-nav-mesh-worker=65536"
    "memorysetup-temp-allocator-size-audio-worker=65536"
    "memorysetup-temp-allocator-size-cloud-worker=32768"
    "memorysetup-temp-allocator-size-gi-baking-worker=262144"
    "memorysetup-temp-allocator-size-gfx=262144"
Player connection [7660] Host "[IP] 10.65.106.231 [Port] 0 [Flags] 2 [Guid] 2869476152 [EditorId] 2869476152 [Version] 1048832 [Id] WindowsEditor(7,DESKTOP-701V361) [Debug] 1 [PackageName] WindowsEditor [ProjectName] Editor" joined multi-casting on [225.0.0.222:54997]...

Player connection [7660] Host "[IP] 10.65.106.231 [Port] 0 [Flags] 2 [Guid] 2869476152 [EditorId] 2869476152 [Version] 1048832 [Id] WindowsEditor(7,DESKTOP-701V361) [Debug] 1 [PackageName] WindowsEditor [ProjectName] Editor" joined alternative multi-casting on [225.0.0.222:34997]...

Refreshing native plugins compatible for Editor in 15.29 ms, found 3 plugins.
Preloading 0 native plugins for Editor in 0.00 ms.
Initialize engine version: 2022.3.0f1 (fb119bb0b476)
[Subsystems] Discovering subsystems at path C:/Program Files/Unity 2022.3.0f1/Editor/Data/Resources/UnitySubsystems
[Subsystems] Discovering subsystems at path C:/Users/Sepeh/source/repos/Final Project/Assets
GfxDevice: creating device client; threaded=0; jobified=0
Direct3D:
    Version:  Direct3D 11.0 [level 11.1]
    Renderer: NVIDIA GeForce RTX 3050 Ti Laptop GPU (ID=0x25a0)
    Vendor:   NVIDIA
    VRAM:     3976 MB
    Driver:   31.0.15.3713
Initialize mono
Mono path[0] = 'C:/Program Files/Unity 2022.3.0f1/Editor/Data/Managed'
Mono path[1] = 'C:/Program Files/Unity 2022.3.0f1/Editor/Data/MonoBleedingEdge/lib/mono/unityjit-win32'
Mono config path = 'C:/Program Files/Unity 2022.3.0f1/Editor/Data/MonoBleedingEdge/etc'
Using monoOptions --debugger-agent=transport=dt_socket,embedding=1,server=y,suspend=n,address=127.0.0.1:56388
Begin MonoManager ReloadAssembly
Registering precompiled unity dll's ...
Register platform support module: C:/Program Files/Unity 2022.3.0f1/Editor/Data/PlaybackEngines/WindowsStandaloneSupport/UnityEditor.WindowsStandalone.Extensions.dll
Registered in 0.007141 seconds.
- Loaded All Assemblies, in  0.333 seconds
Native extension for WindowsStandalone target not found
Mono: successfully reloaded assembly
- Finished resetting the current domain, in  0.274 seconds
Domain Reload Profiling: 606ms
	BeginReloadAssembly (93ms)
		ExecutionOrderSort (0ms)
		DisableScriptedObjects (0ms)
		BackupInstance (0ms)
		ReleaseScriptingObjects (0ms)
		CreateAndSetChildDomain (1ms)
	RebuildCommonClasses (34ms)
	RebuildNativeTypeToScriptingClass (10ms)
	initialDomainReloadingComplete (62ms)
	LoadAllAssembliesAndSetupDomain (132ms)
		LoadAssemblies (90ms)
		RebuildTransferFunctionScriptingTraits (0ms)
		AnalyzeDomain (126ms)
			TypeCache.Refresh (125ms)
				TypeCache.ScanAssembly (113ms)
			ScanForSourceGeneratedMonoScriptInfo (0ms)
			ResolveRequiredComponents (0ms)
	FinalizeReload (275ms)
		ReleaseScriptCaches (0ms)
		RebuildScriptCaches (0ms)
		SetupLoadedEditorAssemblies (217ms)
			LogAssemblyErrors (0ms)
			InitializePlatformSupportModulesInManaged (9ms)
			SetLoadedEditorAssemblies (7ms)
			RefreshPlugins (0ms)
			BeforeProcessingInitializeOnLoad (2ms)
			ProcessInitializeOnLoadAttributes (147ms)
			ProcessInitializeOnLoadMethodAttributes (51ms)
			AfterProcessingInitializeOnLoad (0ms)
			EditorAssembliesLoaded (0ms)
		ExecutionOrderSort2 (0ms)
		AwakeInstancesAfterBackupRestoration (0ms)
========================================================================
Worker process is ready to serve import requests
Begin MonoManager ReloadAssembly
Symbol file LoadedFromMemory doesn't match image C:\Users\Sepeh\source\repos\Final Project\Library\PackageCache\com.unity.visualscripting@1.8.0\Editor\VisualScripting.Core\Dependencies\YamlDotNet\Unity.VisualScripting.YamlDotNet.dll
Symbol file LoadedFromMemory doesn't match image C:\Users\Sepeh\source\repos\Final Project\Library\PackageCache\com.unity.visualscripting@1.8.0\Editor\VisualScripting.Core\Dependencies\DotNetZip\Unity.VisualScripting.IonicZip.dll
- Loaded All Assemblies, in  0.777 seconds
Refreshing native plugins compatible for Editor in 3.99 ms, found 3 plugins.
Native extension for WindowsStandalone target not found
[MODES] ModeService[none].Initialize
[MODES] ModeService[none].LoadModes
[MODES] Loading mode Default (0) for mode-current-id-Final Project
Mono: successfully reloaded assembly
- Finished resetting the current domain, in  0.812 seconds
Domain Reload Profiling: 1585ms
	BeginReloadAssembly (135ms)
		ExecutionOrderSort (0ms)
		DisableScriptedObjects (5ms)
		BackupInstance (0ms)
		ReleaseScriptingObjects (0ms)
		CreateAndSetChildDomain (23ms)
	RebuildCommonClasses (33ms)
	RebuildNativeTypeToScriptingClass (10ms)
	initialDomainReloadingComplete (52ms)
	LoadAllAssembliesAndSetupDomain (542ms)
		LoadAssemblies (307ms)
		RebuildTransferFunctionScriptingTraits (0ms)
		AnalyzeDomain (298ms)
			TypeCache.Refresh (269ms)
				TypeCache.ScanAssembly (256ms)
			ScanForSourceGeneratedMonoScriptInfo (20ms)
			ResolveRequiredComponents (9ms)
	FinalizeReload (813ms)
		ReleaseScriptCaches (0ms)
		RebuildScriptCaches (0ms)
		SetupLoadedEditorAssemblies (656ms)
			LogAssemblyErrors (0ms)
			InitializePlatformSupportModulesInManaged (6ms)
			SetLoadedEditorAssemblies (3ms)
			RefreshPlugins (0ms)
			BeforeProcessingInitializeOnLoad (78ms)
			ProcessInitializeOnLoadAttributes (504ms)
			ProcessInitializeOnLoadMethodAttributes (57ms)
			AfterProcessingInitializeOnLoad (8ms)
			EditorAssembliesLoaded (0ms)
		ExecutionOrderSort2 (0ms)
		AwakeInstancesAfterBackupRestoration (6ms)
Launched and connected shader compiler UnityShaderCompiler.exe after 0.05 seconds
Refreshing native plugins compatible for Editor in 4.16 ms, found 3 plugins.
Preloading 0 native plugins for Editor in 0.00 ms.
Unloading 5007 Unused Serialized files (Serialized files now loaded: 0)
Unloading 74 unused Assets / (0.8 MB). Loaded Objects now: 5459.
Memory consumption went from 198.8 MB to 198.0 MB.
Total: 5.622300 ms (FindLiveObjects: 0.661100 ms CreateObjectMapping: 0.261800 ms MarkObjects: 4.221700 ms  DeleteObjects: 0.475900 ms)

AssetImportParameters requested are different than current active one (requested -> active):
  custom:container-demuxer-ogg: 62fdf1f143b41e24485cea50d1cbac27 -> 
  custom:video-codec-MediaFoundation-h265: e54d7ab0439102e2317fc1e4b246158d -> 
  custom:video-decoder-ogg-theora: a1e56fd34408186e4bbccfd4996cb3dc -> 
  custom:framework-win-MediaFoundation: 216162199b28c13a410421893ffa2e32 -> 
  custom:container-demuxer-webm: 4f35f7cbe854078d1ac9338744f61a02 -> 
  custom:container-muxer-webm: aa71ff27fc2769a1b78a27578f13a17b -> 
  custom:video-decoder-webm-vp8: 9c59270c3fd7afecdb556c50c9e8de78 -> 
  custom:AudioImporter_EditorPlatform: d09bf68614088b80899f8185d706f6e7 -> 
  custom:video-encoder-webm-vp8: eb34c28f22e8b96e1ab97ce403110664 -> 
  custom:audio-decoder-ogg-vorbis: bf7c407c2cedff20999df2af8eb42d56 -> 
  custom:audio-encoder-webm-vorbis: bf7c407c2cedff20999df2af8eb42d56 -> 
========================================================================
Received Import Request.
  Time since last request: 269532.981010 seconds.
  path: Assets
  artifactKey: Guid(00000000000000001000000000000000) Importer(815301076,1909f56bfc062723c751e8b465ee728b)
Start importing Assets using Guid(00000000000000001000000000000000) Importer(815301076,1909f56bfc062723c751e8b465ee728b)  -> (artifact id: '8a4fe85251aa2e89732c359432baa2c3') in 0.002935 seconds
Number of updated asset objects reloaded before import = 0
Number of asset objects unloaded after import = 0
========================================================================
Received Import Request.
  Time since last request: 1.033288 seconds.
  path: Assets/Characters
  artifactKey: Guid(b5961f3920bbcc04c8f8c3f56320048f) Importer(815301076,1909f56bfc062723c751e8b465ee728b)
Start importing Assets/Characters using Guid(b5961f3920bbcc04c8f8c3f56320048f) Importer(815301076,1909f56bfc062723c751e8b465ee728b)  -> (artifact id: '2703b80de17e37a6b6077b67f41b2602') in 0.000536 seconds
Number of updated asset objects reloaded before import = 0
Number of asset objects unloaded after import = 0
========================================================================
Received Import Request.
  Time since last request: 5.610428 seconds.
  path: Assets/Characters/Samurai.fbx
  artifactKey: Guid(2d209af7c7a9c08499e1711a044fbe99) Importer(815301076,1909f56bfc062723c751e8b465ee728b)
Start importing Assets/Characters/Samurai.fbx using Guid(2d209af7c7a9c08499e1711a044fbe99) Importer(815301076,1909f56bfc062723c751e8b465ee728b)  -> (artifact id: '9febd83ab3510112f1e62f61c8b3ce57') in 0.007273 seconds
Number of updated asset objects reloaded before import = 0
Number of asset objects unloaded after import = 7
========================================================================
Received Import Request.
  Time since last request: 3.606752 seconds.
  path: Assets/Characters/Samurai.obj
  artifactKey: Guid(57286e4fdbe7fd04995b2deb987318de) Importer(815301076,1909f56bfc062723c751e8b465ee728b)
Start importing Assets/Characters/Samurai.obj using Guid(57286e4fdbe7fd04995b2deb987318de) Importer(815301076,1909f56bfc062723c751e8b465ee728b)  -> (artifact id: 'ffe3a122e4f875eec61842e4e9b84740') in 0.009593 seconds
Number of updated asset objects reloaded before import = 0
Number of asset objects unloaded after import = 9
========================================================================
Received Import Request.
  Time since last request: 56.123348 seconds.
  path: Assets/Characters/Samurai_Run.fbx
  artifactKey: Guid(d87f0faded7ec904dbcd59a14d3781d5) Importer(815301076,1909f56bfc062723c751e8b465ee728b)
Start importing Assets/Characters/Samurai_Run.fbx using Guid(d87f0faded7ec904dbcd59a14d3781d5) Importer(815301076,1909f56bfc062723c751e8b465ee728b)  -> (artifact id: '1219b24f2ef9f00d3edd1237db9832ad') in 0.010827 seconds
Number of updated asset objects reloaded before import = 0
Number of asset objects unloaded after import = 75
========================================================================
Received Import Request.
  Time since last request: 62.994732 seconds.
  path: Assets/Characters/Animations
  artifactKey: Guid(07dc4091493ea1042857daf7cbb7e2f4) Importer(815301076,1909f56bfc062723c751e8b465ee728b)
Start importing Assets/Characters/Animations using Guid(07dc4091493ea1042857daf7cbb7e2f4) Importer(815301076,1909f56bfc062723c751e8b465ee728b)  -> (artifact id: 'ef741b73943edef9ba5f699ef752cb07') in 0.000599 seconds
Number of updated asset objects reloaded before import = 0
Number of asset objects unloaded after import = 0
========================================================================
Received Import Request.
  Time since last request: 24.180852 seconds.
  path: Assets/Characters/Animations/Samurai_Damage.fbx
  artifactKey: Guid(06e148813278b574bbd3c749882bd34b) Importer(815301076,1909f56bfc062723c751e8b465ee728b)
Start importing Assets/Characters/Animations/Samurai_Damage.fbx using Guid(06e148813278b574bbd3c749882bd34b) Importer(815301076,1909f56bfc062723c751e8b465ee728b)  -> (artifact id: '3f1b9aab198935a81173e42ae8a4a74e') in 0.004176 seconds
Number of updated asset objects reloaded before import = 0
Number of asset objects unloaded after import = 75
========================================================================
Received Import Request.
  Time since last request: 13.880632 seconds.
  path: Assets/Characters/Animations/Animation Controller.controller
  artifactKey: Guid(630c34e125bbee3489f4c73fc3600f8a) Importer(815301076,1909f56bfc062723c751e8b465ee728b)
Start importing Assets/Characters/Animations/Animation Controller.controller using Guid(630c34e125bbee3489f4c73fc3600f8a) Importer(815301076,1909f56bfc062723c751e8b465ee728b)  -> (artifact id: '1e625c767f04700c51da93e1e68beea9') in 0.003235 seconds
Number of updated asset objects reloaded before import = 0
Number of asset objects unloaded after import = 1
========================================================================
Received Prepare
Begin MonoManager ReloadAssembly
Symbol file LoadedFromMemory doesn't match image C:\Users\Sepeh\source\repos\Final Project\Library\PackageCache\com.unity.visualscripting@1.8.0\Editor\VisualScripting.Core\Dependencies\YamlDotNet\Unity.VisualScripting.YamlDotNet.dll
Symbol file LoadedFromMemory doesn't match image C:\Users\Sepeh\source\repos\Final Project\Library\PackageCache\com.unity.visualscripting@1.8.0\Editor\VisualScripting.Core\Dependencies\DotNetZip\Unity.VisualScripting.IonicZip.dll
- Loaded All Assemblies, in  0.678 seconds
Refreshing native plugins compatible for Editor in 3.99 ms, found 3 plugins.
Native extension for WindowsStandalone target not found
Error saving file Library/StateCache/LayerSettings/9e/9ecc5c3c162a7aba29bafa64c8b94b7c.json. Error: System.IO.IOException: Sharing violation on path C:\Users\Sepeh\source\repos\Final Project\Library\StateCache\LayerSettings\9e\9ecc5c3c162a7aba29bafa64c8b94b7c.json
  at System.IO.FileStream..ctor (System.String path, System.IO.FileMode mode, System.IO.FileAccess access, System.IO.FileShare share, System.Int32 bufferSize, System.Boolean anonymous, System.IO.FileOptions options) [0x0019e] in <6aa56e57ab504395b555cf3ed50fa53d>:0 
  at System.IO.FileStream..ctor (System.String path, System.IO.FileMode mode, System.IO.FileAccess access, System.IO.FileShare share, System.Int32 bufferSize, System.IO.FileOptions options) [0x00000] in <6aa56e57ab504395b555cf3ed50fa53d>:0 
  at (wrapper remoting-invoke-with-check) System.IO.FileStream..ctor(string,System.IO.FileMode,System.IO.FileAccess,System.IO.FileShare,int,System.IO.FileOptions)
  at System.IO.StreamWriter..ctor (System.String path, System.Boolean append, System.Text.Encoding encoding, System.Int32 bufferSize) [0x00055] in <6aa56e57ab504395b555cf3ed50fa53d>:0 
  at System.IO.StreamWriter..ctor (System.String path, System.Boolean append, System.Text.Encoding encoding) [0x00000] in <6aa56e57ab504395b555cf3ed50fa53d>:0 
  at (wrapper remoting-invoke-with-check) System.IO.StreamWriter..ctor(string,bool,System.Text.Encoding)
  at System.IO.File.WriteAllText (System.String path, System.String contents, System.Text.Encoding encoding) [0x00034] in <6aa56e57ab504395b555cf3ed50fa53d>:0 
  at UnityEditor.StateCache`1[T].SetState (UnityEngine.Hash128 key, T obj) [0x0004b] in <4911eca47f294e18a7b3306f02701303>:0 
UnityEngine.StackTraceUtility:ExtractStackTrace ()
UnityEngine.DebugLogHandler:LogFormat (UnityEngine.LogType,UnityEngine.Object,string,object[])
UnityEngine.Logger:Log (UnityEngine.LogType,object)
UnityEngine.Debug:LogError (object)
UnityEditor.StateCache`1<UnityEditor.Tools/LayerSettings>:SetState (UnityEngine.Hash128,UnityEditor.Tools/LayerSettings)
UnityEditor.Tools:set_lockedLayers (int)
UnityEditor.Tools:OnEnable ()
UnityEngine.ScriptableObject:CreateInstance (System.Type)
UnityEngine.ScriptableObject:CreateInstance<UnityEditor.Tools> ()
UnityEditor.Tools:get_get ()
UnityEditor.Tools:get_visibleLayers ()
UnityEditor.Animations.Rigging.BoneRendererUtils:.cctor () (at ./Library/PackageCache/com.unity.animation.rigging@1.2.1/Editor/Utils/BoneRendererUtils.cs:121)
System.Runtime.CompilerServices.RuntimeHelpers:RunClassConstructor (System.RuntimeTypeHandle)
UnityEditor.EditorAssemblies:ProcessInitializeOnLoadAttributes (System.Type[])

(Filename: ./Library/PackageCache/com.unity.animation.rigging@1.2.1/Editor/Utils/BoneRendererUtils.cs Line: 121)

[MODES] ModeService[none].Initialize
[MODES] ModeService[none].LoadModes
[MODES] Loading mode Default (0) for mode-current-id-Final Project
Mono: successfully reloaded assembly
- Finished resetting the current domain, in  1.314 seconds
Domain Reload Profiling: 1989ms
	BeginReloadAssembly (148ms)
		ExecutionOrderSort (0ms)
		DisableScriptedObjects (5ms)
		BackupInstance (0ms)
		ReleaseScriptingObjects (0ms)
		CreateAndSetChildDomain (44ms)
	RebuildCommonClasses (33ms)
	RebuildNativeTypeToScriptingClass (11ms)
	initialDomainReloadingComplete (32ms)
	LoadAllAssembliesAndSetupDomain (450ms)
		LoadAssemblies (251ms)
		RebuildTransferFunctionScriptingTraits (0ms)
		AnalyzeDomain (260ms)
			TypeCache.Refresh (250ms)
				TypeCache.ScanAssembly (239ms)
			ScanForSourceGeneratedMonoScriptInfo (0ms)
			ResolveRequiredComponents (9ms)
	FinalizeReload (1315ms)
		ReleaseScriptCaches (0ms)
		RebuildScriptCaches (0ms)
		SetupLoadedEditorAssemblies (646ms)
			LogAssemblyErrors (0ms)
			InitializePlatformSupportModulesInManaged (6ms)
			SetLoadedEditorAssemblies (3ms)
			RefreshPlugins (0ms)
			BeforeProcessingInitializeOnLoad (81ms)
			ProcessInitializeOnLoadAttributes (495ms)
			ProcessInitializeOnLoadMethodAttributes (52ms)
			AfterProcessingInitializeOnLoad (7ms)
			EditorAssembliesLoaded (0ms)
		ExecutionOrderSort2 (0ms)
		AwakeInstancesAfterBackupRestoration (20ms)
Refreshing native plugins compatible for Editor in 4.43 ms, found 3 plugins.
Preloading 0 native plugins for Editor in 0.00 ms.
Unloading 4863 Unused Serialized files (Serialized files now loaded: 0)
Unloading 49 unused Assets / (0.7 MB). Loaded Objects now: 5465.
Memory consumption went from 174.7 MB to 174.0 MB.
Total: 6.175800 ms (FindLiveObjects: 0.506500 ms CreateObjectMapping: 0.515700 ms MarkObjects: 4.625800 ms  DeleteObjects: 0.526200 ms)

Prepare: number of updated asset objects reloaded= 0
AssetImportParameters requested are different than current active one (requested -> active):
  custom:container-demuxer-ogg: 62fdf1f143b41e24485cea50d1cbac27 -> 
  custom:video-codec-MediaFoundation-h265: e54d7ab0439102e2317fc1e4b246158d -> 
  custom:video-decoder-ogg-theora: a1e56fd34408186e4bbccfd4996cb3dc -> 
  custom:framework-win-MediaFoundation: 216162199b28c13a410421893ffa2e32 -> 
  custom:container-demuxer-webm: 4f35f7cbe854078d1ac9338744f61a02 -> 
  custom:container-muxer-webm: aa71ff27fc2769a1b78a27578f13a17b -> 
  custom:video-decoder-webm-vp8: 9c59270c3fd7afecdb556c50c9e8de78 -> 
  custom:AudioImporter_EditorPlatform: d09bf68614088b80899f8185d706f6e7 -> 
  custom:video-encoder-webm-vp8: eb34c28f22e8b96e1ab97ce403110664 -> 
  custom:audio-decoder-ogg-vorbis: bf7c407c2cedff20999df2af8eb42d56 -> 
  custom:audio-encoder-webm-vorbis: bf7c407c2cedff20999df2af8eb42d56 -> 
========================================================================
Received Import Request.
  Time since last request: 587.109102 seconds.
  path: Assets/Characters/Samurai 1.fbx
  artifactKey: Guid(91a1c9e8660a767478bafa33487303c1) Importer(815301076,1909f56bfc062723c751e8b465ee728b)
Start importing Assets/Characters/Samurai 1.fbx using Guid(91a1c9e8660a767478bafa33487303c1) Importer(815301076,1909f56bfc062723c751e8b465ee728b)  -> (artifact id: '6d4d03ffdbf469b167c304f929439279') in 0.042193 seconds
Number of updated asset objects reloaded before import = 0
Number of asset objects unloaded after import = 176
========================================================================
Received Import Request.
  Time since last request: 119.952369 seconds.
  path: Assets/Characters/Textures
  artifactKey: Guid(a2eb029040b87c5418a713d6d81e0657) Importer(815301076,1909f56bfc062723c751e8b465ee728b)
Start importing Assets/Characters/Textures using Guid(a2eb029040b87c5418a713d6d81e0657) Importer(815301076,1909f56bfc062723c751e8b465ee728b)  -> (artifact id: 'e8ec9516e8bbf418441e1f3b4f47625d') in 0.000565 seconds
Number of updated asset objects reloaded before import = 0
Number of asset objects unloaded after import = 0
========================================================================
Received Prepare
Begin MonoManager ReloadAssembly
Symbol file LoadedFromMemory doesn't match image C:\Users\Sepeh\source\repos\Final Project\Library\PackageCache\com.unity.visualscripting@1.8.0\Editor\VisualScripting.Core\Dependencies\YamlDotNet\Unity.VisualScripting.YamlDotNet.dll
Symbol file LoadedFromMemory doesn't match image C:\Users\Sepeh\source\repos\Final Project\Library\PackageCache\com.unity.visualscripting@1.8.0\Editor\VisualScripting.Core\Dependencies\DotNetZip\Unity.VisualScripting.IonicZip.dll
- Loaded All Assemblies, in  2.601 seconds
Refreshing native plugins compatible for Editor in 3.77 ms, found 3 plugins.
Native extension for WindowsStandalone target not found
[MODES] ModeService[none].Initialize
[MODES] ModeService[none].LoadModes
[MODES] Loading mode Default (0) for mode-current-id-Final Project
Mono: successfully reloaded assembly
- Finished resetting the current domain, in 15.671 seconds
Domain Reload Profiling: 18270ms
	BeginReloadAssembly (148ms)
		ExecutionOrderSort (0ms)
		DisableScriptedObjects (4ms)
		BackupInstance (0ms)
		ReleaseScriptingObjects (0ms)
		CreateAndSetChildDomain (37ms)
	RebuildCommonClasses (100ms)
	RebuildNativeTypeToScriptingClass (8ms)
	initialDomainReloadingComplete (24ms)
	LoadAllAssembliesAndSetupDomain (2319ms)
		LoadAssemblies (1695ms)
		RebuildTransferFunctionScriptingTraits (0ms)
		AnalyzeDomain (700ms)
			TypeCache.Refresh (691ms)
				TypeCache.ScanAssembly (638ms)
			ScanForSourceGeneratedMonoScriptInfo (0ms)
			ResolveRequiredComponents (9ms)
	FinalizeReload (15672ms)
		ReleaseScriptCaches (0ms)
		RebuildScriptCaches (0ms)
		SetupLoadedEditorAssemblies (560ms)
			LogAssemblyErrors (0ms)
			InitializePlatformSupportModulesInManaged (6ms)
			SetLoadedEditorAssemblies (3ms)
			RefreshPlugins (0ms)
			BeforeProcessingInitializeOnLoad (75ms)
			ProcessInitializeOnLoadAttributes (415ms)
			ProcessInitializeOnLoadMethodAttributes (54ms)
			AfterProcessingInitializeOnLoad (8ms)
			EditorAssembliesLoaded (0ms)
		ExecutionOrderSort2 (0ms)
		AwakeInstancesAfterBackupRestoration (17ms)
Refreshing native plugins compatible for Editor in 3.38 ms, found 3 plugins.
Preloading 0 native plugins for Editor in 0.00 ms.
Unloading 4863 Unused Serialized files (Serialized files now loaded: 0)
Unloading 49 unused Assets / (0.7 MB). Loaded Objects now: 5470.
Memory consumption went from 174.9 MB to 174.2 MB.
Total: 3.933900 ms (FindLiveObjects: 0.434100 ms CreateObjectMapping: 0.161900 ms MarkObjects: 3.021700 ms  DeleteObjects: 0.315000 ms)

Prepare: number of updated asset objects reloaded= 0
AssetImportParameters requested are different than current active one (requested -> active):
  custom:container-demuxer-ogg: 62fdf1f143b41e24485cea50d1cbac27 -> 
  custom:video-codec-MediaFoundation-h265: e54d7ab0439102e2317fc1e4b246158d -> 
  custom:video-decoder-ogg-theora: a1e56fd34408186e4bbccfd4996cb3dc -> 
  custom:framework-win-MediaFoundation: 216162199b28c13a410421893ffa2e32 -> 
  custom:container-demuxer-webm: 4f35f7cbe854078d1ac9338744f61a02 -> 
  custom:container-muxer-webm: aa71ff27fc2769a1b78a27578f13a17b -> 
  custom:video-decoder-webm-vp8: 9c59270c3fd7afecdb556c50c9e8de78 -> 
  custom:AudioImporter_EditorPlatform: d09bf68614088b80899f8185d706f6e7 -> 
  custom:video-encoder-webm-vp8: eb34c28f22e8b96e1ab97ce403110664 -> 
  custom:audio-decoder-ogg-vorbis: bf7c407c2cedff20999df2af8eb42d56 -> 
  custom:audio-encoder-webm-vorbis: bf7c407c2cedff20999df2af8eb42d56 -> 
========================================================================
Received Prepare
Begin MonoManager ReloadAssembly
Symbol file LoadedFromMemory doesn't match image C:\Users\Sepeh\source\repos\Final Project\Library\PackageCache\com.unity.visualscripting@1.8.0\Editor\VisualScripting.Core\Dependencies\YamlDotNet\Unity.VisualScripting.YamlDotNet.dll
Symbol file LoadedFromMemory doesn't match image C:\Users\Sepeh\source\repos\Final Project\Library\PackageCache\com.unity.visualscripting@1.8.0\Editor\VisualScripting.Core\Dependencies\DotNetZip\Unity.VisualScripting.IonicZip.dll
- Loaded All Assemblies, in  0.533 seconds
Refreshing native plugins compatible for Editor in 2.82 ms, found 3 plugins.
Native extension for WindowsStandalone target not found
[MODES] ModeService[none].Initialize
[MODES] ModeService[none].LoadModes
[MODES] Loading mode Default (0) for mode-current-id-Final Project
Mono: successfully reloaded assembly
- Finished resetting the current domain, in  0.956 seconds
Domain Reload Profiling: 1487ms
	BeginReloadAssembly (119ms)
		ExecutionOrderSort (0ms)
		DisableScriptedObjects (3ms)
		BackupInstance (0ms)
		ReleaseScriptingObjects (0ms)
		CreateAndSetChildDomain (36ms)
	RebuildCommonClasses (24ms)
	RebuildNativeTypeToScriptingClass (8ms)
	initialDomainReloadingComplete (27ms)
	LoadAllAssembliesAndSetupDomain (353ms)
		LoadAssemblies (202ms)
		RebuildTransferFunctionScriptingTraits (0ms)
		AnalyzeDomain (196ms)
			TypeCache.Refresh (189ms)
				TypeCache.ScanAssembly (179ms)
			ScanForSourceGeneratedMonoScriptInfo (0ms)
			ResolveRequiredComponents (7ms)
	FinalizeReload (957ms)
		ReleaseScriptCaches (0ms)
		RebuildScriptCaches (0ms)
		SetupLoadedEditorAssemblies (471ms)
			LogAssemblyErrors (0ms)
			InitializePlatformSupportModulesInManaged (4ms)
			SetLoadedEditorAssemblies (2ms)
			RefreshPlugins (0ms)
			BeforeProcessingInitializeOnLoad (57ms)
			ProcessInitializeOnLoadAttributes (357ms)
			ProcessInitializeOnLoadMethodAttributes (43ms)
			AfterProcessingInitializeOnLoad (6ms)
			EditorAssembliesLoaded (0ms)
		ExecutionOrderSort2 (0ms)
		AwakeInstancesAfterBackupRestoration (13ms)
Refreshing native plugins compatible for Editor in 3.18 ms, found 3 plugins.
Preloading 0 native plugins for Editor in 0.00 ms.
Unloading 4863 Unused Serialized files (Serialized files now loaded: 0)
Unloading 49 unused Assets / (0.7 MB). Loaded Objects now: 5475.
Memory consumption went from 174.9 MB to 174.2 MB.
Total: 4.540300 ms (FindLiveObjects: 0.383600 ms CreateObjectMapping: 0.349000 ms MarkObjects: 3.467100 ms  DeleteObjects: 0.339600 ms)

Prepare: number of updated asset objects reloaded= 0
AssetImportParameters requested are different than current active one (requested -> active):
  custom:container-demuxer-ogg: 62fdf1f143b41e24485cea50d1cbac27 -> 
  custom:video-codec-MediaFoundation-h265: e54d7ab0439102e2317fc1e4b246158d -> 
  custom:video-decoder-ogg-theora: a1e56fd34408186e4bbccfd4996cb3dc -> 
  custom:framework-win-MediaFoundation: 216162199b28c13a410421893ffa2e32 -> 
  custom:container-demuxer-webm: 4f35f7cbe854078d1ac9338744f61a02 -> 
  custom:container-muxer-webm: aa71ff27fc2769a1b78a27578f13a17b -> 
  custom:video-decoder-webm-vp8: 9c59270c3fd7afecdb556c50c9e8de78 -> 
  custom:AudioImporter_EditorPlatform: d09bf68614088b80899f8185d706f6e7 -> 
  custom:video-encoder-webm-vp8: eb34c28f22e8b96e1ab97ce403110664 -> 
  custom:audio-decoder-ogg-vorbis: bf7c407c2cedff20999df2af8eb42d56 -> 
  custom:audio-encoder-webm-vorbis: bf7c407c2cedff20999df2af8eb42d56 -> 
========================================================================
Received Import Request.
  Time since last request: 552.827222 seconds.
  path: Assets/Characters/Samurai.fbx
  artifactKey: Guid(2d209af7c7a9c08499e1711a044fbe99) Importer(815301076,1909f56bfc062723c751e8b465ee728b)
Start importing Assets/Characters/Samurai.fbx using Guid(2d209af7c7a9c08499e1711a044fbe99) Importer(815301076,1909f56bfc062723c751e8b465ee728b)  -> (artifact id: 'c83ec4d832eafd837843240a2d31b3ca') in 0.021327 seconds
Number of updated asset objects reloaded before import = 0
Number of asset objects unloaded after import = 176
========================================================================
Received Import Request.
  Time since last request: 4.701974 seconds.
  path: Assets/Characters/Textures/mat0_c.jpg
  artifactKey: Guid(d067c9e9377cac04fbb2a65d7b97d42f) Importer(815301076,1909f56bfc062723c751e8b465ee728b)
Start importing Assets/Characters/Textures/mat0_c.jpg using Guid(d067c9e9377cac04fbb2a65d7b97d42f) Importer(815301076,1909f56bfc062723c751e8b465ee728b)  -> (artifact id: '767008f6d8bc1caa20f468c17638a013') in 0.001540 seconds
Number of updated asset objects reloaded before import = 0
Number of asset objects unloaded after import = 1
========================================================================
Received Import Request.
  Time since last request: 0.028130 seconds.
  path: Assets/Characters/Textures/mat1_c.jpg
  artifactKey: Guid(c9e447c6e428d664ea70323c47baab28) Importer(815301076,1909f56bfc062723c751e8b465ee728b)
Start importing Assets/Characters/Textures/mat1_c.jpg using Guid(c9e447c6e428d664ea70323c47baab28) Importer(815301076,1909f56bfc062723c751e8b465ee728b)  -> (artifact id: 'c417e6c0ff8ba4e474a842ffc8f7db7e') in 0.001703 seconds
Number of updated asset objects reloaded before import = 0
Number of asset objects unloaded after import = 1
========================================================================
Received Import Request.
  Time since last request: 0.000015 seconds.
  path: Assets/Characters/Textures/mat0_r.jpg
  artifactKey: Guid(5d77330a4823c7348ac38f98aad0e51e) Importer(815301076,1909f56bfc062723c751e8b465ee728b)
Start importing Assets/Characters/Textures/mat0_r.jpg using Guid(5d77330a4823c7348ac38f98aad0e51e) Importer(815301076,1909f56bfc062723c751e8b465ee728b)  -> (artifact id: '5d9221a4f2a51f947b28e99c2f09194a') in 0.001133 seconds
Number of updated asset objects reloaded before import = 0
Number of asset objects unloaded after import = 1
========================================================================
Received Import Request.
  Time since last request: 0.006071 seconds.
  path: Assets/Characters/Textures/mat2_c.jpg
  artifactKey: Guid(fad3d80c07d3128489f3be18cc4f90a4) Importer(815301076,1909f56bfc062723c751e8b465ee728b)
Start importing Assets/Characters/Textures/mat2_c.jpg using Guid(fad3d80c07d3128489f3be18cc4f90a4) Importer(815301076,1909f56bfc062723c751e8b465ee728b)  -> (artifact id: 'ee8d5db50ae10277ab8741c494e990a9') in 0.002237 seconds
Number of updated asset objects reloaded before import = 0
Number of asset objects unloaded after import = 1
========================================================================
Received Import Request.
  Time since last request: 0.000021 seconds.
  path: Assets/Characters/Textures/mat6_n.jpg
  artifactKey: Guid(5e5c215370d4f9945b722f4f3be347c0) Importer(815301076,1909f56bfc062723c751e8b465ee728b)
Start importing Assets/Characters/Textures/mat6_n.jpg using Guid(5e5c215370d4f9945b722f4f3be347c0) Importer(815301076,1909f56bfc062723c751e8b465ee728b)  -> (artifact id: '0298f4038611aff70f59d9060f9b66c1') in 0.001076 seconds
Number of updated asset objects reloaded before import = 0
Number of asset objects unloaded after import = 1
========================================================================
Received Import Request.
  Time since last request: 0.000013 seconds.
  path: Assets/Characters/Textures/mat5_n.jpg
  artifactKey: Guid(e0a49a1c92b56aa45a6a029dc4991b0d) Importer(815301076,1909f56bfc062723c751e8b465ee728b)
Start importing Assets/Characters/Textures/mat5_n.jpg using Guid(e0a49a1c92b56aa45a6a029dc4991b0d) Importer(815301076,1909f56bfc062723c751e8b465ee728b)  -> (artifact id: 'ef3d3af42ab2d7c1f84093cb7322b954') in 0.001077 seconds
Number of updated asset objects reloaded before import = 0
Number of asset objects unloaded after import = 1
========================================================================
Received Import Request.
  Time since last request: 0.000011 seconds.
  path: Assets/Characters/Textures/mat3_n.jpg
  artifactKey: Guid(c518aac81f2c61e4e93b31e247ec98d1) Importer(815301076,1909f56bfc062723c751e8b465ee728b)
Start importing Assets/Characters/Textures/mat3_n.jpg using Guid(c518aac81f2c61e4e93b31e247ec98d1) Importer(815301076,1909f56bfc062723c751e8b465ee728b)  -> (artifact id: 'f025d832bbf6339af5026c86138d4b26') in 0.001030 seconds
Number of updated asset objects reloaded before import = 0
Number of asset objects unloaded after import = 1
========================================================================
Received Import Request.
  Time since last request: 0.000012 seconds.
  path: Assets/Characters/Textures/mat5_c.jpg
  artifactKey: Guid(839c6f5888bf426418e96fadd5486cac) Importer(815301076,1909f56bfc062723c751e8b465ee728b)
Start importing Assets/Characters/Textures/mat5_c.jpg using Guid(839c6f5888bf426418e96fadd5486cac) Importer(815301076,1909f56bfc062723c751e8b465ee728b)  -> (artifact id: '2f22e6125b1f6c46d8bd9a29999c1710') in 0.001450 seconds
Number of updated asset objects reloaded before import = 0
Number of asset objects unloaded after import = 1
========================================================================
Received Import Request.
  Time since last request: 0.000014 seconds.
  path: Assets/Characters/Textures/mat5_r.jpg
  artifactKey: Guid(5ee7b4b6594aec648afe133edf648146) Importer(815301076,1909f56bfc062723c751e8b465ee728b)
Start importing Assets/Characters/Textures/mat5_r.jpg using Guid(5ee7b4b6594aec648afe133edf648146) Importer(815301076,1909f56bfc062723c751e8b465ee728b)  -> (artifact id: 'fe6b00bcc39df5728025695066c80d4f') in 0.001179 seconds
Number of updated asset objects reloaded before import = 0
Number of asset objects unloaded after import = 1
========================================================================
Received Import Request.
  Time since last request: 0.000021 seconds.
  path: Assets/Characters/Textures/mat6_a.jpg
  artifactKey: Guid(eb4329d1e756ba347b9df2d10a685d62) Importer(815301076,1909f56bfc062723c751e8b465ee728b)
Start importing Assets/Characters/Textures/mat6_a.jpg using Guid(eb4329d1e756ba347b9df2d10a685d62) Importer(815301076,1909f56bfc062723c751e8b465ee728b)  -> (artifact id: '6f71a3b96e1d89cf0f3924eb9f284ccc') in 0.001232 seconds
Number of updated asset objects reloaded before import = 0
Number of asset objects unloaded after import = 1
========================================================================
Received Import Request.
  Time since last request: 0.000013 seconds.
  path: Assets/Characters/Textures/mat3_r.jpg
  artifactKey: Guid(f5f2912442942f347b4cdf07b0d84d35) Importer(815301076,1909f56bfc062723c751e8b465ee728b)
Start importing Assets/Characters/Textures/mat3_r.jpg using Guid(f5f2912442942f347b4cdf07b0d84d35) Importer(815301076,1909f56bfc062723c751e8b465ee728b)  -> (artifact id: 'ba589ab72f182af3df321adcc2191f5b') in 0.001740 seconds
Number of updated asset objects reloaded before import = 0
Number of asset objects unloaded after import = 1
========================================================================
Received Import Request.
  Time since last request: 0.000015 seconds.
  path: Assets/Characters/Textures/mat5_g.jpg
  artifactKey: Guid(fb6ec3987349cac46b0c9c3fa2940745) Importer(815301076,1909f56bfc062723c751e8b465ee728b)
Start importing Assets/Characters/Textures/mat5_g.jpg using Guid(fb6ec3987349cac46b0c9c3fa2940745) Importer(815301076,1909f56bfc062723c751e8b465ee728b)  -> (artifact id: 'ee6b3d4d107cdaca00368e3154af9000') in 0.001299 seconds
Number of updated asset objects reloaded before import = 0
Number of asset objects unloaded after import = 1
========================================================================
Received Import Request.
  Time since last request: 0.000013 seconds.
  path: Assets/Characters/Textures/mat3_c.jpg
  artifactKey: Guid(998e0acdef48a8341826fa3e6dcb8c22) Importer(815301076,1909f56bfc062723c751e8b465ee728b)
Start importing Assets/Characters/Textures/mat3_c.jpg using Guid(998e0acdef48a8341826fa3e6dcb8c22) Importer(815301076,1909f56bfc062723c751e8b465ee728b)  -> (artifact id: '0052935911af50013f7126b92d62bf51') in 0.001366 seconds
Number of updated asset objects reloaded before import = 0
Number of asset objects unloaded after import = 1
========================================================================
Received Import Request.
  Time since last request: 0.000013 seconds.
  path: Assets/Characters/Textures/mat2_s.jpg
  artifactKey: Guid(b84202dc68215044eadd01df694e4b42) Importer(815301076,1909f56bfc062723c751e8b465ee728b)
Start importing Assets/Characters/Textures/mat2_s.jpg using Guid(b84202dc68215044eadd01df694e4b42) Importer(815301076,1909f56bfc062723c751e8b465ee728b)  -> (artifact id: '4eb6a4f4b2e5e39a52a67ce50f766de4') in 0.001617 seconds
Number of updated asset objects reloaded before import = 0
Number of asset objects unloaded after import = 1
